[ 2015-01-24T16:59:46+08:00 ] 127.0.0.1 /index.php?s=/Home/User/logout.html
SQL: SHOW COLUMNS FROM `wx_member` [ RunTime:0.000794s ]
SQL: SELECT * FROM `wx_member` WHERE ( `uid` = 1 ) LIMIT 1   [ RunTime:0.000221s ]
NOTIC: [8] Undefined index: uid /home/lecion/public_html/weiphp/ThinkPHP/Library/Think/Controller.class.php 第 140 行.
SQL: SHOW COLUMNS FROM `wx_member_public_link` [ RunTime:0.000532s ]
SQL: SELECT * FROM `wx_member_public_link` WHERE ( uid=1 ) ORDER BY is_use desc  [ RunTime:0.000170s ]
SQL: SHOW COLUMNS FROM `wx_member_public` [ RunTime:0.000566s ]
SQL: SELECT * FROM `wx_member_public` WHERE ( `id` IN ('108') ) ORDER BY FIND_IN_SET(id,"108")  [ RunTime:0.000212s ]
SQL: SHOW COLUMNS FROM `wx_member` [ RunTime:0.000521s ]
INFO: [ view_begin ] --START--
INFO: [ view_begin ] --END-- [ RunTime:0.000020s ]
INFO: [ view_parse ] --START--
INFO: [ template_filter ] --START--
INFO: Run Behavior\ContentReplace [ RunTime:0.000050s ]
INFO: [ template_filter ] --END-- [ RunTime:0.000111s ]
INFO: Run Behavior\ParseTemplate [ RunTime:0.005939s ]
INFO: [ view_parse ] --END-- [ RunTime:0.005987s ]
INFO: [ view_filter ] --START--
INFO: Run Behavior\WriteHtmlCache [ RunTime:0.000014s ]
INFO: [ view_filter ] --END-- [ RunTime:0.000060s ]
INFO: [ view_end ] --START--
INFO: [ view_end ] --END-- [ RunTime:0.000027s ]

[ 2015-01-24T16:59:48+08:00 ] 127.0.0.1 /index.php?s=/Home/User/login.html
NOTIC: [8] Undefined index: uid /home/lecion/public_html/weiphp/ThinkPHP/Library/Think/Controller.class.php 第 135 行.
SQL: SHOW COLUMNS FROM `wx_member` [ RunTime:0.000827s ]
SQL: SELECT * FROM `wx_member` WHERE ( `uid` = 0 ) LIMIT 1   [ RunTime:0.000232s ]
NOTIC: [8] Undefined index: uid /home/lecion/public_html/weiphp/ThinkPHP/Library/Think/Controller.class.php 第 140 行.
NOTIC: [8] Undefined index: from /home/lecion/public_html/weiphp/Application/Home/Controller/UserController.class.php 第 107 行.
INFO: [ view_begin ] --START--
INFO: [ view_begin ] --END-- [ RunTime:0.000017s ]
INFO: [ view_parse ] --START--
INFO: [ template_filter ] --START--
INFO: Run Behavior\ContentReplace [ RunTime:0.000098s ]
INFO: [ template_filter ] --END-- [ RunTime:0.000159s ]
NOTIC: [8] Undefined index: _addons /home/lecion/public_html/weiphp/Runtime/Cache/Home/b171d71961885d3bf0f7a9b2e0867b01.php 第 40 行.
SQL: SHOW COLUMNS FROM `wx_addons` [ RunTime:0.000725s ]
SQL: SELECT * FROM `wx_addons` WHERE ( `status` = 1 ) AND ( `type` = 1 )  [ RunTime:0.000307s ]
SQL: SHOW COLUMNS FROM `wx_addons` [ RunTime:0.000538s ]
SQL: SHOW COLUMNS FROM `wx_member_public` [ RunTime:0.000680s ]
SQL: SELECT * FROM `wx_member_public` WHERE ( `token` = -1 ) LIMIT 1   [ RunTime:0.000206s ]
SQL: SHOW COLUMNS FROM `wx_member_public_link` [ RunTime:0.000589s ]
SQL: SELECT `addon_status` FROM `wx_member_public_link` WHERE ( `uid` = null ) AND ( `mp_id` = null ) LIMIT 1   [ RunTime:0.000169s ]
NOTIC: [8] Undefined variable: addons /home/lecion/public_html/weiphp/Application/Common/Common/function.php 第 465 行.
NOTIC: [8] Undefined variable: addons /home/lecion/public_html/weiphp/Application/Common/Common/function.php 第 465 行.
NOTIC: [8] Undefined variable: addons /home/lecion/public_html/weiphp/Application/Common/Common/function.php 第 465 行.
NOTIC: [8] Undefined variable: addons /home/lecion/public_html/weiphp/Application/Common/Common/function.php 第 465 行.
NOTIC: [8] Undefined variable: addons /home/lecion/public_html/weiphp/Application/Common/Common/function.php 第 465 行.
NOTIC: [8] Undefined variable: addons /home/lecion/public_html/weiphp/Application/Common/Common/function.php 第 465 行.
NOTIC: [8] Undefined variable: addons /home/lecion/public_html/weiphp/Application/Common/Common/function.php 第 465 行.
NOTIC: [8] Undefined variable: addons /home/lecion/public_html/weiphp/Application/Common/Common/function.php 第 465 行.
NOTIC: [8] Undefined variable: addons /home/lecion/public_html/weiphp/Application/Common/Common/function.php 第 465 行.
NOTIC: [8] Undefined variable: addons /home/lecion/public_html/weiphp/Application/Common/Common/function.php 第 465 行.
NOTIC: [8] Undefined variable: addons /home/lecion/public_html/weiphp/Application/Common/Common/function.php 第 465 行.
NOTIC: [8] Undefined variable: addons /home/lecion/public_html/weiphp/Application/Common/Common/function.php 第 465 行.
NOTIC: [8] Undefined variable: addons /home/lecion/public_html/weiphp/Application/Common/Common/function.php 第 465 行.
NOTIC: [8] Undefined variable: addons /home/lecion/public_html/weiphp/Application/Common/Common/function.php 第 465 行.
NOTIC: [8] Undefined variable: addons /home/lecion/public_html/weiphp/Application/Common/Common/function.php 第 465 行.
NOTIC: [8] Undefined variable: addons /home/lecion/public_html/weiphp/Application/Common/Common/function.php 第 465 行.
NOTIC: [8] Undefined variable: addons /home/lecion/public_html/weiphp/Application/Common/Common/function.php 第 465 行.
NOTIC: [8] Undefined variable: addons /home/lecion/public_html/weiphp/Application/Common/Common/function.php 第 465 行.
NOTIC: [8] Undefined variable: addons /home/lecion/public_html/weiphp/Application/Common/Common/function.php 第 465 行.
NOTIC: [8] Undefined variable: addons /home/lecion/public_html/weiphp/Application/Common/Common/function.php 第 465 行.
NOTIC: [8] Undefined variable: addons /home/lecion/public_html/weiphp/Application/Common/Common/function.php 第 465 行.
INFO: [ pageFooter ] --START--
SQL: SELECT `addon_config` FROM `wx_member_public` WHERE ( `token` = -1 ) LIMIT 1   [ RunTime:0.000187s ]
SQL: SHOW COLUMNS FROM `wx_addons` [ RunTime:0.000597s ]
SQL: SELECT `config` FROM `wx_addons` WHERE ( `name` = 'BaiduStatistics' ) AND ( `status` = 1 ) LIMIT 1   [ RunTime:0.000222s ]
INFO: Run BaiduStatistics [ RunTime:0.001939s ]
INFO: [ pageFooter ] --END-- [ RunTime:0.001996s ]
INFO: Run Behavior\ParseTemplate [ RunTime:0.018249s ]
INFO: [ view_parse ] --END-- [ RunTime:0.018292s ]
INFO: [ view_filter ] --START--
INFO: Run Behavior\WriteHtmlCache [ RunTime:0.000026s ]
INFO: [ view_filter ] --END-- [ RunTime:0.000091s ]
INFO: [ view_end ] --START--
INFO: [ view_end ] --END-- [ RunTime:0.000029s ]
INFO: [ app_end ] --START--
INFO: Run Behavior\ShowPageTrace [ RunTime:0.000042s ]
INFO: [ app_end ] --END-- [ RunTime:0.000098s ]

[ 2015-01-24T16:59:49+08:00 ] 127.0.0.1 /index.php?s=/Home/User/verify.html
NOTIC: [8] Undefined index: uid /home/lecion/public_html/weiphp/ThinkPHP/Library/Think/Controller.class.php 第 135 行.
SQL: SHOW COLUMNS FROM `wx_member` [ RunTime:0.000788s ]
SQL: SELECT * FROM `wx_member` WHERE ( `uid` = 0 ) LIMIT 1   [ RunTime:0.000291s ]
NOTIC: [8] Undefined index: uid /home/lecion/public_html/weiphp/ThinkPHP/Library/Think/Controller.class.php 第 140 行.
INFO: [ app_end ] --START--
INFO: Run Behavior\ShowPageTrace [ RunTime:0.000036s ]
INFO: [ app_end ] --END-- [ RunTime:0.000107s ]

[ 2015-01-24T16:59:51+08:00 ] 127.0.0.1 /index.php?s=/Admin/Public/login.html
NOTIC: [8] Undefined index: uid /home/lecion/public_html/weiphp/ThinkPHP/Library/Think/Controller.class.php 第 135 行.
SQL: SHOW COLUMNS FROM `wx_member` [ RunTime:0.000985s ]
SQL: SELECT * FROM `wx_member` WHERE ( `uid` = 0 ) LIMIT 1   [ RunTime:0.000273s ]
NOTIC: [8] Undefined index: uid /home/lecion/public_html/weiphp/ThinkPHP/Library/Think/Controller.class.php 第 140 行.
INFO: [ view_begin ] --START--
INFO: [ view_begin ] --END-- [ RunTime:0.000021s ]
INFO: [ view_parse ] --START--
INFO: [ template_filter ] --START--
INFO: Run Behavior\ContentReplace [ RunTime:0.000066s ]
INFO: [ template_filter ] --END-- [ RunTime:0.000139s ]
INFO: Run Behavior\ParseTemplate [ RunTime:0.005397s ]
INFO: [ view_parse ] --END-- [ RunTime:0.005464s ]
INFO: [ view_filter ] --START--
INFO: Run Behavior\WriteHtmlCache [ RunTime:0.000014s ]
INFO: [ view_filter ] --END-- [ RunTime:0.000049s ]
INFO: [ view_end ] --START--
INFO: [ view_end ] --END-- [ RunTime:0.000175s ]
INFO: [ app_end ] --START--
INFO: Run Behavior\ShowPageTrace [ RunTime:0.000029s ]
INFO: [ app_end ] --END-- [ RunTime:0.000066s ]

[ 2015-01-24T16:59:51+08:00 ] 127.0.0.1 /index.php?s=/Admin/Public/verify.html
NOTIC: [8] Undefined index: uid /home/lecion/public_html/weiphp/ThinkPHP/Library/Think/Controller.class.php 第 135 行.
SQL: SHOW COLUMNS FROM `wx_member` [ RunTime:0.000957s ]
SQL: SELECT * FROM `wx_member` WHERE ( `uid` = 0 ) LIMIT 1   [ RunTime:0.000225s ]
NOTIC: [8] Undefined index: uid /home/lecion/public_html/weiphp/ThinkPHP/Library/Think/Controller.class.php 第 140 行.
INFO: [ app_end ] --START--
INFO: Run Behavior\ShowPageTrace [ RunTime:0.000033s ]
INFO: [ app_end ] --END-- [ RunTime:0.000089s ]

[ 2015-01-24T16:59:56+08:00 ] 127.0.0.1 /index.php?s=/Admin/Public/login.html
INFO: [ app_begin ] --START--
INFO: Run Behavior\ReadHtmlCache [ RunTime:0.000049s ]
INFO: [ app_begin ] --END-- [ RunTime:0.000406s ]
INFO: [ action_begin ] --START--
INFO: [ action_begin ] --END-- [ RunTime:0.000036s ]
NOTIC: [8] Undefined index: uid /home/lecion/public_html/weiphp/ThinkPHP/Library/Think/Controller.class.php 第 135 行.
SQL: SHOW COLUMNS FROM `wx_member` [ RunTime:0.000856s ]
SQL: SELECT * FROM `wx_member` WHERE ( `uid` = 0 ) LIMIT 1   [ RunTime:0.000260s ]
NOTIC: [8] Undefined index: uid /home/lecion/public_html/weiphp/ThinkPHP/Library/Think/Controller.class.php 第 140 行.
SQL: SHOW COLUMNS FROM `wx_ucenter_member` [ RunTime:0.000880s ]
SQL: SELECT * FROM `wx_ucenter_member` WHERE ( `username` = 'lecion' ) LIMIT 1   [ RunTime:0.000319s ]
SQL: UPDATE `wx_ucenter_member` SET `last_login_time`=1422089996,`last_login_ip`='2130706433' WHERE ( `id` = 1 ) [ RunTime:0.000306s ]
SQL: SHOW COLUMNS FROM `wx_member` [ RunTime:0.000727s ]
SQL: SELECT `uid`,`nickname`,`sex`,`birthday`,`qq`,`score`,`login`,`reg_ip`,`reg_time`,`last_login_ip`,`last_login_time`,`status`,`public_count`,`extra_field` FROM `wx_member` WHERE ( `uid` = 1 ) LIMIT 1   [ RunTime:0.000278s ]
SQL: SHOW COLUMNS FROM `wx_action` [ RunTime:0.000851s ]
SQL: SELECT * FROM `wx_action` WHERE ( `name` = 'admin_login' ) LIMIT 1   [ RunTime:0.000290s ]
SQL: SHOW COLUMNS FROM `wx_follow` [ RunTime:0.000734s ]
SQL: SELECT * FROM `wx_follow` WHERE ( `id` = 1 ) LIMIT 1   [ RunTime:0.000191s ]
SQL: SELECT * FROM `wx_member` WHERE ( `uid` = 1 ) LIMIT 1   [ RunTime:0.000269s ]
SQL: SHOW COLUMNS FROM `wx_action_log` [ RunTime:0.000767s ]
SQL: INSERT INTO `wx_action_log` (`action_id`,`user_id`,`action_ip`,`model`,`record_id`,`create_time`,`remark`) VALUES (12,1,2130706433,'member',1,1422089996,'lecion在2015-01-24 16:59登录了后台') [ RunTime:0.000281s ]
SQL: UPDATE `wx_member` SET `login`=`login`+1,`last_login_time`=1422089996,`last_login_ip`='2130706433' WHERE ( `uid` = 1 ) [ RunTime:0.000298s ]

[ 2015-01-24T16:59:57+08:00 ] 127.0.0.1 /index.php?s=/Admin/Index/index.html
SQL: SHOW COLUMNS FROM `wx_member` [ RunTime:0.000610s ]
SQL: SELECT * FROM `wx_member` WHERE ( `uid` = 1 ) LIMIT 1   [ RunTime:0.000241s ]
NOTIC: [8] Undefined index: uid /home/lecion/public_html/weiphp/ThinkPHP/Library/Think/Controller.class.php 第 140 行.
SQL: SHOW COLUMNS FROM `wx_member_public_link` [ RunTime:0.000570s ]
SQL: SELECT * FROM `wx_member_public_link` WHERE ( uid=1 ) ORDER BY is_use desc  [ RunTime:0.000173s ]
SQL: SHOW COLUMNS FROM `wx_member_public` [ RunTime:0.000570s ]
SQL: SELECT * FROM `wx_member_public` WHERE ( `id` IN ('108') ) ORDER BY FIND_IN_SET(id,"108")  [ RunTime:0.000222s ]
SQL: SHOW COLUMNS FROM `wx_menu` [ RunTime:0.000514s ]
SQL: SELECT `hide` FROM `wx_menu` WHERE ( id=1 ) LIMIT 1   [ RunTime:0.000168s ]
SQL: SELECT `url` FROM `wx_menu` WHERE ( pid=0 AND hide=0 ) ORDER BY sort ASC LIMIT 1   [ RunTime:0.000249s ]

[ 2015-01-24T16:59:57+08:00 ] 127.0.0.1 /index.php?s=/Admin/Config/group.html
SQL: SHOW COLUMNS FROM `wx_member` [ RunTime:0.000737s ]
SQL: SELECT * FROM `wx_member` WHERE ( `uid` = 1 ) LIMIT 1   [ RunTime:0.000239s ]
NOTIC: [8] Undefined index: uid /home/lecion/public_html/weiphp/ThinkPHP/Library/Think/Controller.class.php 第 140 行.
SQL: SHOW COLUMNS FROM `wx_member_public_link` [ RunTime:0.000606s ]
SQL: SELECT * FROM `wx_member_public_link` WHERE ( uid=1 ) ORDER BY is_use desc  [ RunTime:0.000190s ]
SQL: SHOW COLUMNS FROM `wx_member_public` [ RunTime:0.000662s ]
SQL: SELECT * FROM `wx_member_public` WHERE ( `id` IN ('108') ) ORDER BY FIND_IN_SET(id,"108")  [ RunTime:0.000223s ]
SQL: SHOW COLUMNS FROM `wx_config` [ RunTime:0.000521s ]
SQL: SELECT `id`,`name`,`title`,`extra`,`value`,`remark`,`type` FROM `wx_config` WHERE ( `status` = 1 ) AND ( `group` = 1 ) ORDER BY sort  [ RunTime:0.000289s ]
INFO: [ view_begin ] --START--
INFO: [ view_begin ] --END-- [ RunTime:0.000034s ]
INFO: [ view_parse ] --START--
INFO: [ template_filter ] --START--
INFO: Run Behavior\ContentReplace [ RunTime:0.000152s ]
INFO: [ template_filter ] --END-- [ RunTime:0.000226s ]
INFO: Run Behavior\ParseTemplate [ RunTime:0.017115s ]
INFO: [ view_parse ] --END-- [ RunTime:0.017187s ]
INFO: [ view_filter ] --START--
INFO: Run Behavior\WriteHtmlCache [ RunTime:0.000016s ]
INFO: [ view_filter ] --END-- [ RunTime:0.000062s ]
INFO: [ view_end ] --START--
INFO: [ view_end ] --END-- [ RunTime:0.000031s ]
INFO: [ app_end ] --START--
INFO: Run Behavior\ShowPageTrace [ RunTime:0.000037s ]
INFO: [ app_end ] --END-- [ RunTime:0.000093s ]

[ 2015-01-24T16:59:59+08:00 ] 127.0.0.1 /index.php?s=/Admin/update/getRemoteVersion.html
INFO: [ app_begin ] --START--
INFO: Run Behavior\ReadHtmlCache [ RunTime:0.000031s ]
INFO: [ app_begin ] --END-- [ RunTime:0.000260s ]
INFO: [ action_begin ] --START--
INFO: [ action_begin ] --END-- [ RunTime:0.000037s ]
SQL: SHOW COLUMNS FROM `wx_menu` [ RunTime:0.000757s ]
SQL: SELECT * FROM `wx_menu` WHERE ( `pid` = 0 ) AND ( `hide` = 0 ) AND ( `is_dev` = 0 ) ORDER BY sort asc  [ RunTime:0.000305s ]
SQL: SELECT `id` FROM `wx_menu` WHERE ( url like '%Update/getRemoteVersion%' ) LIMIT 1   [ RunTime:0.000264s ]
SQL: SHOW COLUMNS FROM `wx_member` [ RunTime:0.000682s ]
SQL: SELECT * FROM `wx_member` WHERE ( `uid` = 1 ) LIMIT 1   [ RunTime:0.000230s ]
NOTIC: [8] Undefined index: uid /home/lecion/public_html/weiphp/ThinkPHP/Library/Think/Controller.class.php 第 140 行.
SQL: SHOW COLUMNS FROM `wx_member_public_link` [ RunTime:0.000580s ]
SQL: SELECT * FROM `wx_member_public_link` WHERE ( uid=1 ) ORDER BY is_use desc  [ RunTime:0.000195s ]
SQL: SHOW COLUMNS FROM `wx_member_public` [ RunTime:0.000593s ]
SQL: SELECT * FROM `wx_member_public` WHERE ( `id` IN ('108') ) ORDER BY FIND_IN_SET(id,"108")  [ RunTime:0.000208s ]
INFO: [ app_end ] --START--
INFO: Run Behavior\ShowPageTrace [ RunTime:0.000044s ]
INFO: [ app_end ] --END-- [ RunTime:0.000129s ]

[ 2015-01-24T17:00:16+08:00 ] 127.0.0.1 /index.php?s=/Admin/Config/group/id/4.html
SQL: SHOW COLUMNS FROM `wx_member` [ RunTime:0.000594s ]
SQL: SELECT * FROM `wx_member` WHERE ( `uid` = 1 ) LIMIT 1   [ RunTime:0.000184s ]
NOTIC: [8] Undefined index: uid /home/lecion/public_html/weiphp/ThinkPHP/Library/Think/Controller.class.php 第 140 行.
SQL: SHOW COLUMNS FROM `wx_member_public_link` [ RunTime:0.000533s ]
SQL: SELECT * FROM `wx_member_public_link` WHERE ( uid=1 ) ORDER BY is_use desc  [ RunTime:0.000172s ]
SQL: SHOW COLUMNS FROM `wx_member_public` [ RunTime:0.000567s ]
SQL: SELECT * FROM `wx_member_public` WHERE ( `id` IN ('108') ) ORDER BY FIND_IN_SET(id,"108")  [ RunTime:0.000230s ]
SQL: SHOW COLUMNS FROM `wx_config` [ RunTime:0.000632s ]
SQL: SELECT `id`,`name`,`title`,`extra`,`value`,`remark`,`type` FROM `wx_config` WHERE ( `status` = 1 ) AND ( `group` = 4 ) ORDER BY sort  [ RunTime:0.000306s ]
INFO: [ view_begin ] --START--
INFO: [ view_begin ] --END-- [ RunTime:0.000021s ]
INFO: [ view_parse ] --START--
INFO: [ template_filter ] --START--
INFO: Run Behavior\ContentReplace [ RunTime:0.000143s ]
INFO: [ template_filter ] --END-- [ RunTime:0.000236s ]
INFO: Run Behavior\ParseTemplate [ RunTime:0.017129s ]
INFO: [ view_parse ] --END-- [ RunTime:0.017182s ]
INFO: [ view_filter ] --START--
INFO: Run Behavior\WriteHtmlCache [ RunTime:0.000015s ]
INFO: [ view_filter ] --END-- [ RunTime:0.000051s ]
INFO: [ view_end ] --START--
INFO: [ view_end ] --END-- [ RunTime:0.000022s ]
INFO: [ app_end ] --START--
INFO: Run Behavior\ShowPageTrace [ RunTime:0.000038s ]
INFO: [ app_end ] --END-- [ RunTime:0.000090s ]

[ 2015-01-24T17:00:19+08:00 ] 127.0.0.1 /index.php?s=/Admin/update/getRemoteVersion.html
INFO: [ app_begin ] --START--
INFO: Run Behavior\ReadHtmlCache [ RunTime:0.000033s ]
INFO: [ app_begin ] --END-- [ RunTime:0.000327s ]
INFO: [ action_begin ] --START--
INFO: [ action_begin ] --END-- [ RunTime:0.000035s ]
SQL: SHOW COLUMNS FROM `wx_menu` [ RunTime:0.000833s ]
SQL: SELECT * FROM `wx_menu` WHERE ( `pid` = 0 ) AND ( `hide` = 0 ) AND ( `is_dev` = 0 ) ORDER BY sort asc  [ RunTime:0.000415s ]
SQL: SELECT `id` FROM `wx_menu` WHERE ( url like '%Update/getRemoteVersion%' ) LIMIT 1   [ RunTime:0.000345s ]
SQL: SHOW COLUMNS FROM `wx_member` [ RunTime:0.000774s ]
SQL: SELECT * FROM `wx_member` WHERE ( `uid` = 1 ) LIMIT 1   [ RunTime:0.000186s ]
NOTIC: [8] Undefined index: uid /home/lecion/public_html/weiphp/ThinkPHP/Library/Think/Controller.class.php 第 140 行.
SQL: SHOW COLUMNS FROM `wx_member_public_link` [ RunTime:0.000499s ]
SQL: SELECT * FROM `wx_member_public_link` WHERE ( uid=1 ) ORDER BY is_use desc  [ RunTime:0.000171s ]
SQL: SHOW COLUMNS FROM `wx_member_public` [ RunTime:0.000544s ]
SQL: SELECT * FROM `wx_member_public` WHERE ( `id` IN ('108') ) ORDER BY FIND_IN_SET(id,"108")  [ RunTime:0.000208s ]
INFO: [ app_end ] --START--
INFO: Run Behavior\ShowPageTrace [ RunTime:0.000063s ]
INFO: [ app_end ] --END-- [ RunTime:0.000195s ]

[ 2015-01-24T17:00:39+08:00 ] 127.0.0.1 /index.php?s=/Admin/Config/save.html
INFO: [ app_begin ] --START--
INFO: Run Behavior\ReadHtmlCache [ RunTime:0.000031s ]
INFO: [ app_begin ] --END-- [ RunTime:0.000306s ]
INFO: [ action_begin ] --START--
INFO: [ action_begin ] --END-- [ RunTime:0.000024s ]
SQL: SHOW COLUMNS FROM `wx_menu` [ RunTime:0.000844s ]
SQL: SELECT * FROM `wx_menu` WHERE ( `pid` = 0 ) AND ( `hide` = 0 ) AND ( `is_dev` = 0 ) ORDER BY sort asc  [ RunTime:0.000364s ]
SQL: SELECT `id` FROM `wx_menu` WHERE ( url like '%Config/save%' ) LIMIT 1   [ RunTime:0.000236s ]
SQL: SHOW COLUMNS FROM `wx_menu` [ RunTime:0.000652s ]
SQL: SELECT `id`,`pid`,`title` FROM `wx_menu` WHERE ( id=74 ) LIMIT 1   [ RunTime:0.000196s ]
SQL: SELECT `id`,`pid`,`title` FROM `wx_menu` WHERE ( id=70 ) LIMIT 1   [ RunTime:0.000165s ]
SQL: SELECT `id`,`pid`,`title` FROM `wx_menu` WHERE ( id=68 ) LIMIT 1   [ RunTime:0.000177s ]
SQL: SELECT DISTINCT  `group` FROM `wx_menu` WHERE ( pid = 68 )  [ RunTime:0.000266s ]
SQL: SELECT `id`,`url` FROM `wx_menu` WHERE ( `pid` = 68 ) AND ( `hide` = 0 ) AND ( `is_dev` = 0 )  [ RunTime:0.000239s ]
SQL: SELECT `id`,`pid`,`title`,`url`,`tip` FROM `wx_menu` WHERE ( `group` = '系统设置' ) AND ( `pid` = 68 ) AND ( `hide` = 0 ) AND ( `is_dev` = 0 ) ORDER BY sort asc  [ RunTime:0.000371s ]
SQL: SELECT `id`,`pid`,`title`,`url`,`tip` FROM `wx_menu` WHERE ( `group` = '' ) AND ( `pid` = 68 ) AND ( `hide` = 0 ) AND ( `is_dev` = 0 ) ORDER BY sort asc  [ RunTime:0.000369s ]
SQL: SELECT `id`,`pid`,`title`,`url`,`tip` FROM `wx_menu` WHERE ( `group` = '数据备份' ) AND ( `pid` = 68 ) AND ( `hide` = 0 ) AND ( `is_dev` = 0 ) ORDER BY sort asc  [ RunTime:0.000314s ]
SQL: SHOW COLUMNS FROM `wx_member` [ RunTime:0.000717s ]
SQL: SELECT * FROM `wx_member` WHERE ( `uid` = 1 ) LIMIT 1   [ RunTime:0.000210s ]
NOTIC: [8] Undefined index: uid /home/lecion/public_html/weiphp/ThinkPHP/Library/Think/Controller.class.php 第 140 行.
SQL: SHOW COLUMNS FROM `wx_member_public_link` [ RunTime:0.000652s ]
SQL: SELECT * FROM `wx_member_public_link` WHERE ( uid=1 ) ORDER BY is_use desc  [ RunTime:0.000170s ]
SQL: SHOW COLUMNS FROM `wx_member_public` [ RunTime:0.000617s ]
SQL: SELECT * FROM `wx_member_public` WHERE ( `id` IN ('108') ) ORDER BY FIND_IN_SET(id,"108")  [ RunTime:0.000263s ]
SQL: SHOW COLUMNS FROM `wx_config` [ RunTime:0.000640s ]
SQL: UPDATE `wx_config` SET `value`='Home/User/*\r\nHome/Index/*\r\nhome/weixin/*\r\nadmin/File/*\r\nhome/File/*\r\nhome/Forum/*' WHERE ( `name` = 'ACCESS' ) [ RunTime:0.000253s ]
SQL: UPDATE `wx_config` SET `value`='20141202' WHERE ( `name` = 'SYSTEM_UPDATRE_VERSION' ) [ RunTime:0.000193s ]
SQL: UPDATE `wx_config` SET `value`='1' WHERE ( `name` = 'SHOW_PAGE_TRACE' ) [ RunTime:0.000203s ]
SQL: UPDATE `wx_config` SET `value`='0:数字\r\n1:字符\r\n2:文本\r\n3:数组\r\n4:枚举' WHERE ( `name` = 'CONFIG_TYPE_LIST' ) [ RunTime:0.000198s ]
SQL: UPDATE `wx_config` SET `value`='ambiance' WHERE ( `name` = 'CODEMIRROR_THEME' ) [ RunTime:0.000211s ]
SQL: UPDATE `wx_config` SET `value`='1:基本\r\n3:用户\r\n4:系统\r\n5:站点' WHERE ( `name` = 'CONFIG_GROUP_LIST' ) [ RunTime:0.000165s ]
SQL: UPDATE `wx_config` SET `value`='./Data/' WHERE ( `name` = 'DATA_BACKUP_PATH' ) [ RunTime:0.000192s ]
SQL: UPDATE `wx_config` SET `value`='1' WHERE ( `name` = 'SYSTEM_UPDATE_REMIND' ) [ RunTime:0.000167s ]
SQL: UPDATE `wx_config` SET `value`='1:视图\r\n2:控制器' WHERE ( `name` = 'HOOKS_TYPE' ) [ RunTime:0.000150s ]
SQL: UPDATE `wx_config` SET `value`='20971520' WHERE ( `name` = 'DATA_BACKUP_PART_SIZE' ) [ RunTime:0.000164s ]
SQL: UPDATE `wx_config` SET `value`='AUTH_ON:1\r\nAUTH_TYPE:2' WHERE ( `name` = 'AUTH_CONFIG' ) [ RunTime:0.000185s ]
SQL: UPDATE `wx_config` SET `value`='1' WHERE ( `name` = 'DATA_BACKUP_COMPRESS' ) [ RunTime:0.000182s ]
SQL: UPDATE `wx_config` SET `value`='20' WHERE ( `name` = 'LIST_ROWS' ) [ RunTime:0.000155s ]
SQL: UPDATE `wx_config` SET `value`='9' WHERE ( `name` = 'DATA_BACKUP_COMPRESS_LEVEL' ) [ RunTime:0.000193s ]
SQL: UPDATE `wx_config` SET `value`='1' WHERE ( `name` = 'DEVELOP_MODE' ) [ RunTime:0.000156s ]
SQL: UPDATE `wx_config` SET `value`='' WHERE ( `name` = 'ADMIN_ALLOW_IP' ) [ RunTime:0.000152s ]

[ 2015-01-24T17:00:42+08:00 ] 127.0.0.1 /index.php?s=/Admin/update/getRemoteVersion.html
INFO: [ app_begin ] --START--
INFO: Run Behavior\ReadHtmlCache [ RunTime:0.000033s ]
INFO: [ app_begin ] --END-- [ RunTime:0.000287s ]
INFO: [ action_begin ] --START--
INFO: [ action_begin ] --END-- [ RunTime:0.000063s ]
SQL: SHOW COLUMNS FROM `wx_menu` [ RunTime:0.000832s ]
SQL: SELECT * FROM `wx_menu` WHERE ( `pid` = 0 ) AND ( `hide` = 0 ) AND ( `is_dev` = 0 ) ORDER BY sort asc  [ RunTime:0.000312s ]
SQL: SELECT `id` FROM `wx_menu` WHERE ( url like '%Update/getRemoteVersion%' ) LIMIT 1   [ RunTime:0.000316s ]
SQL: SHOW COLUMNS FROM `wx_member` [ RunTime:0.000636s ]
SQL: SELECT * FROM `wx_member` WHERE ( `uid` = 1 ) LIMIT 1   [ RunTime:0.000185s ]
NOTIC: [8] Undefined index: uid /home/lecion/public_html/weiphp/ThinkPHP/Library/Think/Controller.class.php 第 140 行.
SQL: SHOW COLUMNS FROM `wx_member_public_link` [ RunTime:0.000532s ]
SQL: SELECT * FROM `wx_member_public_link` WHERE ( uid=1 ) ORDER BY is_use desc  [ RunTime:0.000169s ]
SQL: SHOW COLUMNS FROM `wx_member_public` [ RunTime:0.000563s ]
SQL: SELECT * FROM `wx_member_public` WHERE ( `id` IN ('108') ) ORDER BY FIND_IN_SET(id,"108")  [ RunTime:0.000274s ]
INFO: [ app_end ] --START--
INFO: Run Behavior\ShowPageTrace [ RunTime:0.000044s ]
INFO: [ app_end ] --END-- [ RunTime:0.000129s ]

[ 2015-01-24T17:00:44+08:00 ] 127.0.0.1 /index.php?s=/Admin/update/getRemoteVersion.html
INFO: [ app_begin ] --START--
INFO: Run Behavior\ReadHtmlCache [ RunTime:0.000056s ]
INFO: [ app_begin ] --END-- [ RunTime:0.000300s ]
INFO: [ action_begin ] --START--
INFO: [ action_begin ] --END-- [ RunTime:0.000029s ]
SQL: SHOW COLUMNS FROM `wx_menu` [ RunTime:0.000852s ]
SQL: SELECT * FROM `wx_menu` WHERE ( `pid` = 0 ) AND ( `hide` = 0 ) AND ( `is_dev` = 0 ) ORDER BY sort asc  [ RunTime:0.000330s ]
SQL: SELECT `id` FROM `wx_menu` WHERE ( url like '%Update/getRemoteVersion%' ) LIMIT 1   [ RunTime:0.000325s ]
SQL: SHOW COLUMNS FROM `wx_member` [ RunTime:0.000773s ]
SQL: SELECT * FROM `wx_member` WHERE ( `uid` = 1 ) LIMIT 1   [ RunTime:0.000205s ]
NOTIC: [8] Undefined index: uid /home/lecion/public_html/weiphp/ThinkPHP/Library/Think/Controller.class.php 第 140 行.
SQL: SHOW COLUMNS FROM `wx_member_public_link` [ RunTime:0.000516s ]
SQL: SELECT * FROM `wx_member_public_link` WHERE ( uid=1 ) ORDER BY is_use desc  [ RunTime:0.000175s ]
SQL: SHOW COLUMNS FROM `wx_member_public` [ RunTime:0.000688s ]
SQL: SELECT * FROM `wx_member_public` WHERE ( `id` IN ('108') ) ORDER BY FIND_IN_SET(id,"108")  [ RunTime:0.000262s ]
INFO: [ app_end ] --START--
INFO: Run Behavior\ShowPageTrace [ RunTime:0.000043s ]
INFO: [ app_end ] --END-- [ RunTime:0.000126s ]

[ 2015-01-24T17:00:52+08:00 ] 127.0.0.1 /index.php?s=/Admin/Config/save.html
INFO: [ app_begin ] --START--
INFO: Run Behavior\ReadHtmlCache [ RunTime:0.000031s ]
INFO: [ app_begin ] --END-- [ RunTime:0.000300s ]
INFO: [ action_begin ] --START--
INFO: [ action_begin ] --END-- [ RunTime:0.000024s ]
SQL: SHOW COLUMNS FROM `wx_menu` [ RunTime:0.000746s ]
SQL: SELECT * FROM `wx_menu` WHERE ( `pid` = 0 ) AND ( `hide` = 0 ) AND ( `is_dev` = 0 ) ORDER BY sort asc  [ RunTime:0.000311s ]
SQL: SELECT `id` FROM `wx_menu` WHERE ( url like '%Config/save%' ) LIMIT 1   [ RunTime:0.000226s ]
SQL: SHOW COLUMNS FROM `wx_menu` [ RunTime:0.000629s ]
SQL: SELECT `id`,`pid`,`title` FROM `wx_menu` WHERE ( id=74 ) LIMIT 1   [ RunTime:0.000203s ]
SQL: SELECT `id`,`pid`,`title` FROM `wx_menu` WHERE ( id=70 ) LIMIT 1   [ RunTime:0.000164s ]
SQL: SELECT `id`,`pid`,`title` FROM `wx_menu` WHERE ( id=68 ) LIMIT 1   [ RunTime:0.000200s ]
SQL: SELECT DISTINCT  `group` FROM `wx_menu` WHERE ( pid = 68 )  [ RunTime:0.000265s ]
SQL: SELECT `id`,`url` FROM `wx_menu` WHERE ( `pid` = 68 ) AND ( `hide` = 0 ) AND ( `is_dev` = 0 )  [ RunTime:0.000233s ]
SQL: SELECT `id`,`pid`,`title`,`url`,`tip` FROM `wx_menu` WHERE ( `group` = '系统设置' ) AND ( `pid` = 68 ) AND ( `hide` = 0 ) AND ( `is_dev` = 0 ) ORDER BY sort asc  [ RunTime:0.000257s ]
SQL: SELECT `id`,`pid`,`title`,`url`,`tip` FROM `wx_menu` WHERE ( `group` = '' ) AND ( `pid` = 68 ) AND ( `hide` = 0 ) AND ( `is_dev` = 0 ) ORDER BY sort asc  [ RunTime:0.000241s ]
SQL: SELECT `id`,`pid`,`title`,`url`,`tip` FROM `wx_menu` WHERE ( `group` = '数据备份' ) AND ( `pid` = 68 ) AND ( `hide` = 0 ) AND ( `is_dev` = 0 ) ORDER BY sort asc  [ RunTime:0.000236s ]
SQL: SHOW COLUMNS FROM `wx_member` [ RunTime:0.000602s ]
SQL: SELECT * FROM `wx_member` WHERE ( `uid` = 1 ) LIMIT 1   [ RunTime:0.000191s ]
NOTIC: [8] Undefined index: uid /home/lecion/public_html/weiphp/ThinkPHP/Library/Think/Controller.class.php 第 140 行.
SQL: SHOW COLUMNS FROM `wx_member_public_link` [ RunTime:0.000640s ]
SQL: SELECT * FROM `wx_member_public_link` WHERE ( uid=1 ) ORDER BY is_use desc  [ RunTime:0.000206s ]
SQL: SHOW COLUMNS FROM `wx_member_public` [ RunTime:0.000725s ]
SQL: SELECT * FROM `wx_member_public` WHERE ( `id` IN ('108') ) ORDER BY FIND_IN_SET(id,"108")  [ RunTime:0.000267s ]
SQL: SHOW COLUMNS FROM `wx_config` [ RunTime:0.000683s ]
SQL: UPDATE `wx_config` SET `value`='108' WHERE ( `name` = 'DEFAULT_PUBLIC' ) [ RunTime:0.000239s ]
SQL: UPDATE `wx_config` SET `value`='5' WHERE ( `name` = 'DEFAULT_PUBLIC_CREATE_MAX_NUMB' ) [ RunTime:0.000190s ]
SQL: UPDATE `wx_config` SET `value`='0' WHERE ( `name` = 'DEFAULT_PUBLIC_GROUP_ID' ) [ RunTime:0.000180s ]
SQL: UPDATE `wx_config` SET `value`='1' WHERE ( `name` = 'USER_ALLOW_REGISTER' ) [ RunTime:0.000149s ]

[ 2015-01-24T17:00:55+08:00 ] 127.0.0.1 /index.php?s=/Admin/update/getRemoteVersion.html
INFO: [ app_begin ] --START--
INFO: Run Behavior\ReadHtmlCache [ RunTime:0.000032s ]
INFO: [ app_begin ] --END-- [ RunTime:0.000257s ]
INFO: [ action_begin ] --START--
INFO: [ action_begin ] --END-- [ RunTime:0.000024s ]
SQL: SHOW COLUMNS FROM `wx_menu` [ RunTime:0.000771s ]
SQL: SELECT * FROM `wx_menu` WHERE ( `pid` = 0 ) AND ( `hide` = 0 ) AND ( `is_dev` = 0 ) ORDER BY sort asc  [ RunTime:0.000369s ]
SQL: SELECT `id` FROM `wx_menu` WHERE ( url like '%Update/getRemoteVersion%' ) LIMIT 1   [ RunTime:0.000268s ]
SQL: SHOW COLUMNS FROM `wx_member` [ RunTime:0.000705s ]
SQL: SELECT * FROM `wx_member` WHERE ( `uid` = 1 ) LIMIT 1   [ RunTime:0.000245s ]
NOTIC: [8] Undefined index: uid /home/lecion/public_html/weiphp/ThinkPHP/Library/Think/Controller.class.php 第 140 行.
SQL: SHOW COLUMNS FROM `wx_member_public_link` [ RunTime:0.000574s ]
SQL: SELECT * FROM `wx_member_public_link` WHERE ( uid=1 ) ORDER BY is_use desc  [ RunTime:0.000226s ]
SQL: SHOW COLUMNS FROM `wx_member_public` [ RunTime:0.000799s ]
SQL: SELECT * FROM `wx_member_public` WHERE ( `id` IN ('108') ) ORDER BY FIND_IN_SET(id,"108")  [ RunTime:0.000241s ]
INFO: [ app_end ] --START--
INFO: Run Behavior\ShowPageTrace [ RunTime:0.000043s ]
INFO: [ app_end ] --END-- [ RunTime:0.000127s ]

